<testsuites id="" name="" tests="2" failures="0" skipped="0" errors="0" time="16.991054000000005">
<testsuite name="ddtJson.spec.ts" timestamp="2026-03-23T09:25:47.289Z" hostname="chromium" tests="2" failures="0" skipped="0" time="29.819" errors="0">
<testcase name="Google search — searchValue: playwright" classname="ddtJson.spec.ts" time="14.898">
<system-out>
<![CDATA[prahlada is testing in qa environment

[[ATTACHMENT|test-results/ddtJson-Google-search-—-searchValue-playwright-chromium/trace.zip]]
]]>
</system-out>
</testcase>
<testcase name="Google search — SearchValue2: selenium" classname="ddtJson.spec.ts" time="14.921">
<system-out>
<![CDATA[prahlada is testing in qa environment

[[ATTACHMENT|test-results/ddtJson-Google-search-—-SearchValue2-selenium-chromium/trace.zip]]
]]>
</system-out>
</testcase>
</testsuite>
</testsuites>