<testsuites id="" name="" tests="3" failures="3" skipped="0" errors="0" time="28.480528999999997">
<testsuite name="iteration.spec.ts" timestamp="2026-03-22T11:26:54.720Z" hostname="chromium" tests="1" failures="1" skipped="0" time="12.001" errors="0">
<testcase name="Iteration test" classname="iteration.spec.ts" time="12.001">
<failure message="iteration.spec.ts:3:5 Iteration test" type="FAILURE">
<![CDATA[  [chromium] › iteration.spec.ts:3:5 › Iteration test ──────────────────────────────────────────────

    Error: locator.click: Error: strict mode violation: locator('a:has-text("")') resolved to 46 elements:
        1) <a href="https://github.com/tourdedave/the-internet">…</a> aka getByRole('link', { name: 'Fork me on GitHub' })
        2) <a href="/abtest">A/B Testing</a> aka getByRole('link', { name: 'A/B Testing' })
        3) <a href="/add_remove_elements/">Add/Remove Elements</a> aka getByRole('link', { name: 'Add/Remove Elements' })
        4) <a href="/basic_auth">Basic Auth</a> aka getByRole('link', { name: 'Basic Auth' })
        5) <a href="/broken_images">Broken Images</a> aka getByRole('link', { name: 'Broken Images' })
        6) <a href="/challenging_dom">Challenging DOM</a> aka getByRole('link', { name: 'Challenging DOM' })
        7) <a href="/checkboxes">Checkboxes</a> aka getByRole('link', { name: 'Checkboxes' })
        8) <a href="/context_menu">Context Menu</a> aka getByRole('link', { name: 'Context Menu' })
        9) <a href="/digest_auth">Digest Authentication</a> aka getByRole('link', { name: 'Digest Authentication' })
        10) <a href="/disappearing_elements">Disappearing Elements</a> aka getByRole('link', { name: 'Disappearing Elements' })
        ...

    Call log:
      - waiting for locator('a:has-text("")')


      12 |     await Promise.all([
      13 |       page.waitForNavigation(),
    > 14 |       page.locator(`a:has-text("${linkText}")`).click()
         |                                                 ^
      15 |     ]);
      16 |
      17 |     await expect(page.locator('h1, h2, h3')).toBeVisible();
        at C:\Users\manur\OneDrive\Desktop\playwright\tests\iteration.spec.ts:14:49

    attachment #1: screenshot (image/png) ──────────────────────────────────────────────────────────
    ..\test-results\iteration-Iteration-test-chromium\test-failed-1.png
    ────────────────────────────────────────────────────────────────────────────────────────────────

    Error Context: ..\test-results\iteration-Iteration-test-chromium\error-context.md

    attachment #3: trace (application/zip) ─────────────────────────────────────────────────────────
    ..\test-results\iteration-Iteration-test-chromium\trace.zip
    Usage:

        npx playwright show-trace ..\test-results\iteration-Iteration-test-chromium\trace.zip

    ────────────────────────────────────────────────────────────────────────────────────────────────

    Retry #1 ───────────────────────────────────────────────────────────────────────────────────────

    Error: locator.click: Error: strict mode violation: locator('a:has-text("")') resolved to 46 elements:
        1) <a href="https://github.com/tourdedave/the-internet">…</a> aka getByRole('link', { name: 'Fork me on GitHub' })
        2) <a href="/abtest">A/B Testing</a> aka getByRole('link', { name: 'A/B Testing' })
        3) <a href="/add_remove_elements/">Add/Remove Elements</a> aka getByRole('link', { name: 'Add/Remove Elements' })
        4) <a href="/basic_auth">Basic Auth</a> aka getByRole('link', { name: 'Basic Auth' })
        5) <a href="/broken_images">Broken Images</a> aka getByRole('link', { name: 'Broken Images' })
        6) <a href="/challenging_dom">Challenging DOM</a> aka getByRole('link', { name: 'Challenging DOM' })
        7) <a href="/checkboxes">Checkboxes</a> aka getByRole('link', { name: 'Checkboxes' })
        8) <a href="/context_menu">Context Menu</a> aka getByRole('link', { name: 'Context Menu' })
        9) <a href="/digest_auth">Digest Authentication</a> aka getByRole('link', { name: 'Digest Authentication' })
        10) <a href="/disappearing_elements">Disappearing Elements</a> aka getByRole('link', { name: 'Disappearing Elements' })
        ...

    Call log:
      - waiting for locator('a:has-text("")')


      12 |     await Promise.all([
      13 |       page.waitForNavigation(),
    > 14 |       page.locator(`a:has-text("${linkText}")`).click()
         |                                                 ^
      15 |     ]);
      16 |
      17 |     await expect(page.locator('h1, h2, h3')).toBeVisible();
        at C:\Users\manur\OneDrive\Desktop\playwright\tests\iteration.spec.ts:14:49

    attachment #1: screenshot (image/png) ──────────────────────────────────────────────────────────
    ..\test-results\iteration-Iteration-test-chromium-retry1\test-failed-1.png
    ────────────────────────────────────────────────────────────────────────────────────────────────

    Error Context: ..\test-results\iteration-Iteration-test-chromium-retry1\error-context.md

    attachment #3: trace (application/zip) ─────────────────────────────────────────────────────────
    ..\test-results\iteration-Iteration-test-chromium-retry1\trace.zip
    Usage:

        npx playwright show-trace ..\test-results\iteration-Iteration-test-chromium-retry1\trace.zip

    ────────────────────────────────────────────────────────────────────────────────────────────────
]]>
</failure>
<system-out>
<![CDATA[
[[ATTACHMENT|test-results\iteration-Iteration-test-chromium\test-failed-1.png]]

[[ATTACHMENT|test-results\iteration-Iteration-test-chromium\error-context.md]]

[[ATTACHMENT|test-results\iteration-Iteration-test-chromium\trace.zip]]

[[ATTACHMENT|test-results\iteration-Iteration-test-chromium-retry1\test-failed-1.png]]

[[ATTACHMENT|test-results\iteration-Iteration-test-chromium-retry1\error-context.md]]

[[ATTACHMENT|test-results\iteration-Iteration-test-chromium-retry1\trace.zip]]
]]>
</system-out>
</testcase>
</testsuite>
<testsuite name="iteration.spec.ts" timestamp="2026-03-22T11:26:54.720Z" hostname="firefox" tests="1" failures="1" skipped="0" time="11.116" errors="0">
<testcase name="Iteration test" classname="iteration.spec.ts" time="11.116">
<failure message="iteration.spec.ts:3:5 Iteration test" type="FAILURE">
<![CDATA[  [firefox] › iteration.spec.ts:3:5 › Iteration test ───────────────────────────────────────────────

    Error: locator.click: Error: strict mode violation: locator('a:has-text("")') resolved to 46 elements:
        1) <a href="https://github.com/tourdedave/the-internet">…</a> aka getByRole('link', { name: 'Fork me on GitHub' })
        2) <a href="/abtest">A/B Testing</a> aka getByRole('link', { name: 'A/B Testing' })
        ...

    Call log:
      - waiting for locator('a:has-text("")')


      12 |     await Promise.all([
      13 |       page.waitForNavigation(),
    > 14 |       page.locator(`a:has-text("${linkText}")`).click()
         |                                                 ^
      15 |     ]);
      16 |
      17 |     await expect(page.locator('h1, h2, h3')).toBeVisible();
        at C:\Users\manur\OneDrive\Desktop\playwright\tests\iteration.spec.ts:14:49

    attachment #1: screenshot (image/png) ──────────────────────────────────────────────────────────
    ..\test-results\iteration-Iteration-test-firefox\test-failed-1.png
    ────────────────────────────────────────────────────────────────────────────────────────────────

    Error Context: ..\test-results\iteration-Iteration-test-firefox\error-context.md

    attachment #3: trace (application/zip) ─────────────────────────────────────────────────────────
    ..\test-results\iteration-Iteration-test-firefox\trace.zip
    Usage:

        npx playwright show-trace ..\test-results\iteration-Iteration-test-firefox\trace.zip

    ────────────────────────────────────────────────────────────────────────────────────────────────

    Retry #1 ───────────────────────────────────────────────────────────────────────────────────────

    Error: locator.click: Error: strict mode violation: locator('a:has-text("")') resolved to 46 elements:
        1) <a href="https://github.com/tourdedave/the-internet">…</a> aka getByRole('link', { name: 'Fork me on GitHub' })
        2) <a href="/abtest">A/B Testing</a> aka getByRole('link', { name: 'A/B Testing' })
        ...

    Call log:
      - waiting for locator('a:has-text("")')


      12 |     await Promise.all([
      13 |       page.waitForNavigation(),
    > 14 |       page.locator(`a:has-text("${linkText}")`).click()
         |                                                 ^
      15 |     ]);
      16 |
      17 |     await expect(page.locator('h1, h2, h3')).toBeVisible();
        at C:\Users\manur\OneDrive\Desktop\playwright\tests\iteration.spec.ts:14:49

    attachment #1: screenshot (image/png) ──────────────────────────────────────────────────────────
    ..\test-results\iteration-Iteration-test-firefox-retry1\test-failed-1.png
    ────────────────────────────────────────────────────────────────────────────────────────────────

    Error Context: ..\test-results\iteration-Iteration-test-firefox-retry1\error-context.md

    attachment #3: trace (application/zip) ─────────────────────────────────────────────────────────
    ..\test-results\iteration-Iteration-test-firefox-retry1\trace.zip
    Usage:

        npx playwright show-trace ..\test-results\iteration-Iteration-test-firefox-retry1\trace.zip

    ────────────────────────────────────────────────────────────────────────────────────────────────
]]>
</failure>
<system-out>
<![CDATA[
[[ATTACHMENT|test-results\iteration-Iteration-test-firefox\test-failed-1.png]]

[[ATTACHMENT|test-results\iteration-Iteration-test-firefox\error-context.md]]

[[ATTACHMENT|test-results\iteration-Iteration-test-firefox\trace.zip]]

[[ATTACHMENT|test-results\iteration-Iteration-test-firefox-retry1\test-failed-1.png]]

[[ATTACHMENT|test-results\iteration-Iteration-test-firefox-retry1\error-context.md]]

[[ATTACHMENT|test-results\iteration-Iteration-test-firefox-retry1\trace.zip]]
]]>
</system-out>
</testcase>
</testsuite>
<testsuite name="iteration.spec.ts" timestamp="2026-03-22T11:26:54.720Z" hostname="webkit" tests="1" failures="1" skipped="0" time="7.37" errors="0">
<testcase name="Iteration test" classname="iteration.spec.ts" time="7.37">
<failure message="iteration.spec.ts:3:5 Iteration test" type="FAILURE">
<![CDATA[  [webkit] › iteration.spec.ts:3:5 › Iteration test ────────────────────────────────────────────────

    Error: locator.click: Error: strict mode violation: locator('a:has-text("")') resolved to 46 elements:
        1) <a href="https://github.com/tourdedave/the-internet">…</a> aka getByRole('link', { name: 'Fork me on GitHub' })
        2) <a href="/abtest">A/B Testing</a> aka getByRole('link', { name: 'A/B Testing' })
        3) <a href="/add_remove_elements/">Add/Remove Elements</a> aka getByRole('link', { name: 'Add/Remove Elements' })
        4) <a href="/basic_auth">Basic Auth</a> aka getByRole('link', { name: 'Basic Auth' })
        5) <a href="/broken_images">Broken Images</a> aka getByRole('link', { name: 'Broken Images' })
        6) <a href="/challenging_dom">Challenging DOM</a> aka getByRole('link', { name: 'Challenging DOM' })
        7) <a href="/checkboxes">Checkboxes</a> aka getByRole('link', { name: 'Checkboxes' })
        8) <a href="/context_menu">Context Menu</a> aka getByRole('link', { name: 'Context Menu' })
        9) <a href="/digest_auth">Digest Authentication</a> aka getByRole('link', { name: 'Digest Authentication' })
        10) <a href="/disappearing_elements">Disappearing Elements</a> aka getByRole('link', { name: 'Disappearing Elements' })
        ...

    Call log:
      - waiting for locator('a:has-text("")')


      12 |     await Promise.all([
      13 |       page.waitForNavigation(),
    > 14 |       page.locator(`a:has-text("${linkText}")`).click()
         |                                                 ^
      15 |     ]);
      16 |
      17 |     await expect(page.locator('h1, h2, h3')).toBeVisible();
        at C:\Users\manur\OneDrive\Desktop\playwright\tests\iteration.spec.ts:14:49

    attachment #1: screenshot (image/png) ──────────────────────────────────────────────────────────
    ..\test-results\iteration-Iteration-test-webkit\test-failed-1.png
    ────────────────────────────────────────────────────────────────────────────────────────────────

    Error Context: ..\test-results\iteration-Iteration-test-webkit\error-context.md

    attachment #3: trace (application/zip) ─────────────────────────────────────────────────────────
    ..\test-results\iteration-Iteration-test-webkit\trace.zip
    Usage:

        npx playwright show-trace ..\test-results\iteration-Iteration-test-webkit\trace.zip

    ────────────────────────────────────────────────────────────────────────────────────────────────

    Retry #1 ───────────────────────────────────────────────────────────────────────────────────────

    Error: page.goto: Target page, context or browser has been closed
    Call log:
      - navigating to "https://the-internet.herokuapp.com/", waiting until "load"


      2 |
      3 | test('Iteration test', async ({ page }) => {
    > 4 |   await page.goto("https://the-internet.herokuapp.com/");
        |              ^
      5 |
      6 |   const links = page.locator('a');
      7 |   const count = await links.count();
        at C:\Users\manur\OneDrive\Desktop\playwright\tests\iteration.spec.ts:4:14

    attachment #1: trace (application/zip) ─────────────────────────────────────────────────────────
    ..\test-results\iteration-Iteration-test-webkit-retry1\trace.zip
    Usage:

        npx playwright show-trace ..\test-results\iteration-Iteration-test-webkit-retry1\trace.zip

    ────────────────────────────────────────────────────────────────────────────────────────────────
]]>
</failure>
<system-out>
<![CDATA[
[[ATTACHMENT|test-results\iteration-Iteration-test-webkit\test-failed-1.png]]

[[ATTACHMENT|test-results\iteration-Iteration-test-webkit\error-context.md]]

[[ATTACHMENT|test-results\iteration-Iteration-test-webkit\trace.zip]]

[[ATTACHMENT|test-results\iteration-Iteration-test-webkit-retry1\trace.zip]]
]]>
</system-out>
</testcase>
</testsuite>
</testsuites>